==========================================
SLURM Job: NSGA-II Evolution
Job ID: 5705
Node: ub
CPUs: 40
==========================================
================================================================================
PHASE 2: NSGA-II MULTI-OBJECTIVE OPTIMIZATION
================================================================================

📊 Loading cached predictions...
   Samples: 73,719
   Models: 7

🧬 Setting up NSGA-II...
   Population size: 100
   Generations: 100
   Workers: 40

🎲 Initializing population...
==========================================
Job finished at: Thu Apr 23 06:10:53 AM UTC 2026
==========================================
