==========================================
SLURM Job: NSGA-II Evolution
Job ID: 5714
Node: ub
CPUs: 40
==========================================
================================================================================
PHASE 2: NSGA-II MULTI-OBJECTIVE OPTIMIZATION
================================================================================

📊 Loading cached predictions...
   Samples: 73,719
   Models: 7

🧬 Setting up NSGA-II...
   Population size: 100
   Generations: 100
   Workers: 40

🎲 Initializing population...

🚀 Starting evolution...
================================================================================

📊 Generation 1/100
   Min: [-9.88881957e-01  6.15500370e-03  1.97818496e-04]
   Avg: [-9.87080206e-01  1.45085166e-02  9.48009153e-04]
   Max: [-0.98127133  0.02485539  0.00133786]
   Time: 1.8s (Total: 0.0m)

📊 Generation 2/100
   Min: [-9.88881957e-01  6.15500370e-03  1.88276174e-04]
   Avg: [-9.86687980e-01  1.44703727e-02  8.78020099e-04]
   Max: [-0.98113962  0.02442136  0.00133834]
   Time: 1.6s (Total: 0.1m)

📊 Generation 3/100
   Min: [-9.88881957e-01  6.07011575e-03  4.78115595e-05]
   Avg: [-9.86045221e-01  1.46776345e-02  7.97353249e-04]
   Max: [-0.98121047  0.02410465  0.00133786]
   Time: 1.7s (Total: 0.1m)

📊 Generation 4/100
   Min: [-9.88881957e-01  5.93795307e-03  4.78115595e-05]
   Avg: [-9.85758425e-01  1.45659553e-02  7.40339704e-04]
   Max: [-0.98119671  0.02425591  0.00131501]
   Time: 1.5s (Total: 0.1m)

📊 Generation 5/100
   Min: [-9.88886907e-01  4.97765576e-03  3.02701904e-05]
   Avg: [-9.85476653e-01  1.56812597e-02  6.88938708e-04]
   Max: [-0.98110969  0.02429923  0.00132318]
   Time: 1.5s (Total: 0.1m)

📊 Generation 6/100
   Min: [-9.88945458e-01  3.89291926e-03  2.70868336e-05]
   Avg: [-9.85821158e-01  1.49033977e-02  7.16704685e-04]
   Max: [-0.98092237  0.02435459  0.00138498]
   Time: 1.6s (Total: 0.2m)

📊 Generation 7/100
   Min: [-9.88945458e-01  3.89291926e-03  1.90294882e-05]
   Avg: [-9.85302626e-01  1.56653765e-02  6.50170426e-04]
   Max: [-0.98061499  0.02442562  0.00138498]
   Time: 1.6s (Total: 0.2m)

📊 Generation 8/100
   Min: [-9.88958676e-01  3.89291926e-03  9.88390735e-06]
   Avg: [-9.85648083e-01  1.46423658e-02  6.82977855e-04]
   Max: [-0.98061499  0.02442562  0.0014508 ]
   Time: 1.6s (Total: 0.2m)

📊 Generation 9/100
   Min: [-9.88959111e-01  3.80962102e-03  8.66994122e-06]
   Avg: [-9.85574173e-01  1.48429328e-02  6.52999209e-04]
   Max: [-0.98031085  0.02445048  0.0014508 ]
   Time: 1.5s (Total: 0.2m)

📊 Generation 10/100
   Min: [-9.88980795e-01  3.80962102e-03  5.37708088e-07]
   Avg: [-9.85455665e-01  1.49525839e-02  6.24849408e-04]
   Max: [-0.9803463   0.02445048  0.00141593]
   Time: 1.5s (Total: 0.3m)
   💾 Checkpoint saved

📊 Generation 11/100
   Min: [-9.88980795e-01  3.64679753e-03  4.63730698e-07]
   Avg: [-9.85632688e-01  1.45450855e-02  6.54053050e-04]
   Max: [-0.97995059  0.02446354  0.00142077]
   Time: 1.6s (Total: 0.3m)

📊 Generation 12/100
   Min: [-9.88980795e-01  3.64231240e-03  1.36919099e-07]
   Avg: [-9.85680732e-01  1.39855756e-02  6.58692842e-04]
   Max: [-0.98011994  0.02435748  0.00143332]
   Time: 1.7s (Total: 0.3m)

📊 Generation 13/100
   Min: [-9.88982279e-01  3.63950336e-03  1.36919099e-07]
   Avg: [-9.85325207e-01  1.46048763e-02  6.00179826e-04]
   Max: [-0.98011994  0.02439356  0.00142485]
   Time: 1.7s (Total: 0.3m)

📊 Generation 14/100
   Min: [-9.88982279e-01  3.36865629e-03  1.36919099e-07]
   Avg: [-9.85648945e-01  1.42915595e-02  6.36338026e-04]
   Max: [-0.98038163  0.02439356  0.00142485]
   Time: 1.7s (Total: 0.4m)

📊 Generation 15/100
   Min: [-9.88982279e-01  3.15603958e-03  1.36919099e-07]
   Avg: [-9.85382875e-01  1.45378994e-02  6.09044402e-04]
   Max: [-0.97994744  0.02439454  0.00144369]
   Time: 1.8s (Total: 0.4m)

📊 Generation 16/100
   Min: [-9.88985227e-01  3.06612020e-03  1.36919099e-07]
   Avg: [-9.85653713e-01  1.38825024e-02  6.41525657e-04]
   Max: [-0.97945352  0.02443325  0.00144369]
   Time: 1.7s (Total: 0.4m)

📊 Generation 17/100
   Min: [-9.89000578e-01  3.04950164e-03  1.36919099e-07]
   Avg: [-9.85544374e-01  1.40626729e-02  6.15085300e-04]
   Max: [-0.97945667  0.02338005  0.00142263]
   Time: 1.7s (Total: 0.5m)

📊 Generation 18/100
   Min: [-9.89001700e-01  3.04950164e-03  1.36919099e-07]
   Avg: [-9.85759738e-01  1.34711778e-02  6.39255687e-04]
   Max: [-0.97938939  0.02335587  0.00142833]
   Time: 1.6s (Total: 0.5m)

📊 Generation 19/100
   Min: [-9.89003094e-01  2.20616642e-03  1.36919099e-07]
   Avg: [-9.85466244e-01  1.40181372e-02  6.02128068e-04]
   Max: [-0.97938939  0.02336826  0.00146413]
   Time: 1.8s (Total: 0.5m)

📊 Generation 20/100
   Min: [-9.89010468e-01  2.20603942e-03  1.22016445e-07]
   Avg: [-9.85757337e-01  1.32639940e-02  6.32964733e-04]
   Max: [-0.97848086  0.02336826  0.00142929]
   Time: 1.4s (Total: 0.5m)
   💾 Checkpoint saved

📊 Generation 21/100
   Min: [-9.89016072e-01  2.20603942e-03  1.22016445e-07]
   Avg: [-9.85268823e-01  1.37552515e-02  5.79901017e-04]
   Max: [-0.9783504   0.02336826  0.00142929]
   Time: 1.7s (Total: 0.6m)

📊 Generation 22/100
   Min: [-9.89016072e-01  2.20603942e-03  1.22016445e-07]
   Avg: [-9.85408657e-01  1.32736141e-02  6.09603710e-04]
   Max: [-0.9783504   0.02336826  0.00142929]
   Time: 1.8s (Total: 0.6m)

📊 Generation 23/100
   Min: [-9.89016072e-01  2.20603942e-03  1.22016445e-07]
   Avg: [-9.85477058e-01  1.32955113e-02  6.12867326e-04]
   Max: [-0.97827934  0.02336826  0.00142929]
   Time: 1.6s (Total: 0.6m)

📊 Generation 24/100
   Min: [-9.89018203e-01  2.20603942e-03  1.22016445e-07]
   Avg: [-9.85863663e-01  1.22643176e-02  6.52983064e-04]
   Max: [-0.97827934  0.02335072  0.00142889]
   Time: 1.7s (Total: 0.7m)

📊 Generation 25/100
   Min: [-9.89018546e-01  2.20603942e-03  1.22016445e-07]
   Avg: [-9.85355614e-01  1.30858879e-02  6.19885850e-04]
   Max: [-0.97827934  0.02335072  0.00142889]
   Time: 1.6s (Total: 0.7m)

📊 Generation 26/100
   Min: [-9.89018825e-01  2.20603942e-03  1.22016445e-07]
   Avg: [-9.85904146e-01  1.24685755e-02  6.38352663e-04]
   Max: [-0.97906553  0.02229448  0.00144892]
   Time: 1.7s (Total: 0.7m)

📊 Generation 27/100
   Min: [-9.89024332e-01  2.13977417e-03  1.22016445e-07]
   Avg: [-9.85756003e-01  1.25490360e-02  6.08549973e-04]
   Max: [-0.97906553  0.02237858  0.00143872]
   Time: 1.7s (Total: 0.7m)

📊 Generation 28/100
   Min: [-9.89026409e-01  2.13977417e-03  1.22016445e-07]
   Avg: [-9.85607732e-01  1.29642960e-02  5.79454247e-04]
   Max: [-0.97906553  0.02237858  0.00143872]
   Time: 1.6s (Total: 0.8m)

📊 Generation 29/100
   Min: [-9.89026409e-01  2.13977417e-03  1.22016445e-07]
   Avg: [-9.85469595e-01  1.30540976e-02  5.64299561e-04]
   Max: [-0.97920502  0.02216064  0.00143872]
   Time: 1.6s (Total: 0.8m)

📊 Generation 30/100
   Min: [-9.89028037e-01  2.13977417e-03  1.22016445e-07]
   Avg: [-9.85516767e-01  1.24668797e-02  5.68059954e-04]
   Max: [-0.97913124  0.02210134  0.00142271]
   Time: 1.7s (Total: 0.8m)
   💾 Checkpoint saved

📊 Generation 31/100
   Min: [-9.89028037e-01  2.13977417e-03  1.22016445e-07]
   Avg: [-9.85836920e-01  1.18558891e-02  6.21103395e-04]
   Max: [-0.97909123  0.02210134  0.00142271]
   Time: 1.5s (Total: 0.8m)

📊 Generation 32/100
   Min: [-9.89033708e-01  2.13977417e-03  1.22016445e-07]
   Avg: [-9.85596021e-01  1.24295080e-02  5.91121145e-04]
   Max: [-0.97909123  0.02210134  0.00142271]
   Time: 1.7s (Total: 0.9m)

📊 Generation 33/100
   Min: [-9.89033708e-01  2.13911397e-03  9.53116948e-08]
   Avg: [-9.85573180e-01  1.22553568e-02  5.78519056e-04]
   Max: [-0.97880709  0.02207056  0.00142271]
   Time: 1.7s (Total: 0.9m)

📊 Generation 34/100
   Min: [-9.89033708e-01  2.13206749e-03  9.53116948e-08]
   Avg: [-9.85414081e-01  1.21100796e-02  5.60523542e-04]
   Max: [-0.97880709  0.02177765  0.00142271]
   Time: 1.6s (Total: 0.9m)

📊 Generation 35/100
   Min: [-9.89033708e-01  2.13206749e-03  9.53116948e-08]
   Avg: [-9.85332292e-01  1.23249776e-02  5.52977315e-04]
   Max: [-0.97880709  0.02153251  0.00142271]
   Time: 1.6s (Total: 1.0m)

📊 Generation 36/100
   Min: [-9.89033982e-01  2.13206749e-03  9.53116948e-08]
   Avg: [-9.85178460e-01  1.23722540e-02  5.20196989e-04]
   Max: [-0.97879379  0.02164926  0.00142271]
   Time: 1.5s (Total: 1.0m)

📊 Generation 37/100
   Min: [-9.89033982e-01  2.13206749e-03  9.53116948e-08]
   Avg: [-9.85477867e-01  1.19501301e-02  5.50225289e-04]
   Max: [-0.97882076  0.02164926  0.00142271]
   Time: 1.6s (Total: 1.0m)

📊 Generation 38/100
   Min: [-9.89033982e-01  2.13206749e-03  4.67781792e-08]
   Avg: [-9.85407529e-01  1.20259153e-02  5.36519862e-04]
   Max: [-0.97882076  0.02147903  0.00142271]
   Time: 1.5s (Total: 1.0m)

📊 Generation 39/100
   Min: [-9.89034609e-01  2.13206749e-03  4.67781792e-08]
   Avg: [-9.85215442e-01  1.18373197e-02  5.22924869e-04]
   Max: [-0.97875471  0.02147903  0.00142271]
   Time: 1.8s (Total: 1.1m)

📊 Generation 40/100
   Min: [-9.89034668e-01  2.13206749e-03  4.67781792e-08]
   Avg: [-9.85503585e-01  1.15206205e-02  5.37090492e-04]
   Max: [-0.97875471  0.02146409  0.00142271]
   Time: 1.5s (Total: 1.1m)
   💾 Checkpoint saved

📊 Generation 41/100
   Min: [-9.89035559e-01  2.13007134e-03  4.67781792e-08]
   Avg: [-9.85196379e-01  1.19082444e-02  5.05065247e-04]
   Max: [-0.97874824  0.02146409  0.00142402]
   Time: 1.6s (Total: 1.1m)

📊 Generation 42/100
   Min: [-9.89036175e-01  2.13007134e-03  4.67781792e-08]
   Avg: [-9.85596016e-01  1.12016028e-02  5.68763806e-04]
   Max: [-0.97874824  0.02146708  0.00143393]
   Time: 1.6s (Total: 1.1m)

📊 Generation 43/100
   Min: [-9.89036175e-01  2.13007134e-03  2.97519295e-08]
   Avg: [-9.85279710e-01  1.18562835e-02  5.08221342e-04]
   Max: [-0.97874824  0.02146789  0.0014338 ]
   Time: 1.6s (Total: 1.2m)

📊 Generation 44/100
   Min: [-9.89036175e-01  2.13007134e-03  2.97519295e-08]
   Avg: [-9.85389572e-01  1.12761222e-02  5.27653661e-04]
   Max: [-0.97867933  0.02146789  0.0014338 ]
   Time: 1.4s (Total: 1.2m)

📊 Generation 45/100
   Min: [-9.89036183e-01  1.99202178e-03  2.97519295e-08]
   Avg: [-9.85291670e-01  1.14023930e-02  5.35650572e-04]
   Max: [-0.97867933  0.02146789  0.0014338 ]
   Time: 1.7s (Total: 1.2m)

📊 Generation 46/100
   Min: [-9.89036183e-01  1.99202178e-03  2.97519295e-08]
   Avg: [-9.85417180e-01  1.12186294e-02  5.48117827e-04]
   Max: [-0.97856141  0.02147992  0.0014338 ]
   Time: 1.6s (Total: 1.2m)

📊 Generation 47/100
   Min: [-9.89036183e-01  1.98552217e-03  2.97519295e-08]
   Avg: [-9.85515823e-01  1.09524958e-02  5.51465486e-04]
   Max: [-0.97834917  0.02079362  0.0014338 ]
   Time: 1.8s (Total: 1.3m)

📊 Generation 48/100
   Min: [-9.89036183e-01  1.98552217e-03  2.97519295e-08]
   Avg: [-9.85492243e-01  1.10382018e-02  5.16666768e-04]
   Max: [-0.97855048  0.02104388  0.0014338 ]
   Time: 1.8s (Total: 1.3m)

📊 Generation 49/100
   Min: [-9.89036266e-01  1.98552217e-03  2.97519295e-08]
   Avg: [-9.85282423e-01  1.09362246e-02  5.34096444e-04]
   Max: [-0.9783181   0.02106075  0.0014338 ]
   Time: 1.9s (Total: 1.3m)

📊 Generation 50/100
   Min: [-9.89036266e-01  1.98552217e-03  2.97519295e-08]
   Avg: [-9.85529185e-01  1.07693172e-02  5.51891467e-04]
   Max: [-0.97827386  0.02113163  0.0014338 ]
   Time: 1.8s (Total: 1.4m)
   💾 Checkpoint saved

📊 Generation 51/100
   Min: [-9.89036266e-01  1.98552217e-03  2.97519295e-08]
   Avg: [-9.85619735e-01  1.06595132e-02  5.61712181e-04]
   Max: [-0.9783393   0.02113173  0.00143582]
   Time: 1.7s (Total: 1.4m)

📊 Generation 52/100
   Min: [-9.89036266e-01  1.98552217e-03  2.97519295e-08]
   Avg: [-9.85193152e-01  1.11693582e-02  5.04912641e-04]
   Max: [-0.9783393   0.02113173  0.00143582]
   Time: 1.6s (Total: 1.4m)

📊 Generation 53/100
   Min: [-9.89036266e-01  1.98552217e-03  2.97519295e-08]
   Avg: [-9.85188696e-01  1.07187767e-02  5.08053096e-04]
   Max: [-0.9783393   0.02113173  0.00143595]
   Time: 1.6s (Total: 1.4m)

📊 Generation 54/100
   Min: [-9.89036266e-01  1.98552217e-03  2.97519295e-08]
   Avg: [-9.85367650e-01  1.05381072e-02  5.24281128e-04]
   Max: [-0.97832828  0.02113173  0.00142916]
   Time: 1.7s (Total: 1.5m)

📊 Generation 55/100
   Min: [-9.89036992e-01  1.98552217e-03  2.97519295e-08]
   Avg: [-9.85293154e-01  1.08055983e-02  5.08430751e-04]
   Max: [-0.97832828  0.02096919  0.00142916]
   Time: 1.7s (Total: 1.5m)

📊 Generation 56/100
   Min: [-9.89036992e-01  1.98552217e-03  2.97519295e-08]
   Avg: [-9.85275068e-01  1.04307033e-02  5.24972214e-04]
   Max: [-0.97832828  0.02096691  0.00142916]
   Time: 1.5s (Total: 1.5m)

📊 Generation 57/100
   Min: [-9.89037234e-01  1.98552217e-03  2.97519295e-08]
   Avg: [-9.85112259e-01  1.06105964e-02  5.00272652e-04]
   Max: [-0.97832828  0.02096691  0.00142916]
   Time: 1.8s (Total: 1.6m)

📊 Generation 58/100
   Min: [-9.89039101e-01  1.98552217e-03  2.97519295e-08]
   Avg: [-9.85240106e-01  9.92532584e-03  5.31101826e-04]
   Max: [-0.97832828  0.02063078  0.00145235]
   Time: 1.8s (Total: 1.6m)

📊 Generation 59/100
   Min: [-9.89039101e-01  1.98552217e-03  2.97519295e-08]
   Avg: [-9.85159544e-01  1.00706627e-02  5.02887527e-04]
   Max: [-0.97832828  0.02063078  0.00145235]
   Time: 1.7s (Total: 1.6m)

📊 Generation 60/100
   Min: [-9.89039101e-01  1.98552217e-03  2.97519295e-08]
   Avg: [-9.85239133e-01  1.00006440e-02  5.18204100e-04]
   Max: [-0.97832828  0.0207382   0.00145263]
   Time: 1.7s (Total: 1.6m)
   💾 Checkpoint saved

📊 Generation 61/100
   Min: [-9.89039101e-01  1.98552217e-03  2.97519295e-08]
   Avg: [-9.85314944e-01  1.02453139e-02  5.18150396e-04]
   Max: [-0.97832772  0.02074171  0.00145349]
   Time: 1.6s (Total: 1.7m)

📊 Generation 62/100
   Min: [-9.89039101e-01  1.98552217e-03  2.97519295e-08]
   Avg: [-9.85765651e-01  9.49620637e-03  5.60091681e-04]
   Max: [-0.97832772  0.02074171  0.00145748]
   Time: 1.6s (Total: 1.7m)

📊 Generation 63/100
   Min: [-9.89039125e-01  1.98552217e-03  2.97519295e-08]
   Avg: [-9.85668830e-01  9.40995784e-03  5.50731759e-04]
   Max: [-0.97832772  0.02076435  0.00147842]
   Time: 1.6s (Total: 1.7m)

📊 Generation 64/100
   Min: [-9.89039125e-01  1.98552217e-03  2.97519295e-08]
   Avg: [-9.85970345e-01  8.86956736e-03  5.86856787e-04]
   Max: [-0.97832772  0.02037375  0.00145748]
   Time: 1.7s (Total: 1.8m)

📊 Generation 65/100
   Min: [-9.89039125e-01  1.98552217e-03  2.97519295e-08]
   Avg: [-9.85615345e-01  9.28622211e-03  5.36012287e-04]
   Max: [-0.97832772  0.02037375  0.00145748]
   Time: 1.6s (Total: 1.8m)

📊 Generation 66/100
   Min: [-9.89039651e-01  1.98552217e-03  2.97519295e-08]
   Avg: [-9.85403298e-01  9.35926237e-03  5.14525857e-04]
   Max: [-0.97831554  0.02041989  0.00145748]
   Time: 1.5s (Total: 1.8m)

📊 Generation 67/100
   Min: [-9.89039651e-01  1.98552217e-03  2.97519295e-08]
   Avg: [-9.85481230e-01  9.48575057e-03  5.17228090e-04]
   Max: [-0.97831554  0.02041989  0.00145207]
   Time: 1.7s (Total: 1.8m)

📊 Generation 68/100
   Min: [-9.89040359e-01  1.98552217e-03  2.97519295e-08]
   Avg: [-9.85665959e-01  9.06308859e-03  5.15891728e-04]
   Max: [-0.97831554  0.02037375  0.00145207]
   Time: 1.6s (Total: 1.9m)

📊 Generation 69/100
   Min: [-9.89040359e-01  1.98552217e-03  2.97519295e-08]
   Avg: [-9.86203295e-01  8.26549316e-03  5.96351926e-04]
   Max: [-0.97844315  0.02037375  0.00145207]
   Time: 1.8s (Total: 1.9m)

📊 Generation 70/100
   Min: [-9.89040359e-01  1.98552217e-03  2.97519295e-08]
   Avg: [-9.86175675e-01  8.61227456e-03  6.03633438e-04]
   Max: [-0.97844315  0.02037375  0.00145207]
   Time: 1.7s (Total: 1.9m)
   💾 Checkpoint saved

📊 Generation 71/100
   Min: [-9.89040656e-01  1.98552217e-03  2.97519295e-08]
   Avg: [-9.86689417e-01  7.96234661e-03  6.36994230e-04]
   Max: [-0.9785217   0.02037375  0.00145207]
   Time: 1.7s (Total: 1.9m)

📊 Generation 72/100
   Min: [-9.89040656e-01  1.98546719e-03  2.97519295e-08]
   Avg: [-9.86659074e-01  7.84326122e-03  6.44596572e-04]
   Max: [-0.9785217   0.02068214  0.00145207]
   Time: 1.6s (Total: 2.0m)

📊 Generation 73/100
   Min: [-9.89041095e-01  1.98546719e-03  7.46403095e-09]
   Avg: [-9.86863987e-01  7.27441876e-03  6.46020813e-04]
   Max: [-0.97850171  0.01926857  0.00145299]
   Time: 1.5s (Total: 2.0m)

📊 Generation 74/100
   Min: [-9.89041187e-01  1.98534885e-03  7.46403095e-09]
   Avg: [-9.86856289e-01  7.11332713e-03  6.52167546e-04]
   Max: [-0.97850171  0.01926857  0.00143895]
   Time: 1.7s (Total: 2.0m)

📊 Generation 75/100
   Min: [-9.89041219e-01  1.98534885e-03  7.46403095e-09]
   Avg: [-9.86682432e-01  7.23521775e-03  6.22778953e-04]
   Max: [-0.97847001  0.01926857  0.00143895]
   Time: 1.7s (Total: 2.1m)

📊 Generation 76/100
   Min: [-9.89041219e-01  1.98534885e-03  7.46403095e-09]
   Avg: [-9.86615024e-01  6.79369219e-03  6.54012691e-04]
   Max: [-0.97847178  0.01926857  0.00143376]
   Time: 1.5s (Total: 2.1m)

📊 Generation 77/100
   Min: [-9.89041488e-01  1.98534885e-03  7.46403095e-09]
   Avg: [-9.86245745e-01  7.15867193e-03  6.01285313e-04]
   Max: [-0.97847178  0.01926857  0.00143702]
   Time: 1.7s (Total: 2.1m)

📊 Generation 78/100
   Min: [-9.89041539e-01  1.98534885e-03  1.01077346e-09]
   Avg: [-9.86123149e-01  7.26143601e-03  5.86948059e-04]
   Max: [-0.97843584  0.01926907  0.00144138]
   Time: 1.6s (Total: 2.1m)

📊 Generation 79/100
   Min: [-9.89041539e-01  1.98534885e-03  1.01077346e-09]
   Avg: [-9.86213095e-01  7.12532719e-03  6.11830997e-04]
   Max: [-0.97843584  0.01926907  0.00144542]
   Time: 1.6s (Total: 2.2m)

📊 Generation 80/100
   Min: [-9.89041539e-01  1.98534885e-03  1.01077346e-09]
   Avg: [-9.86072547e-01  7.15584221e-03  5.87809332e-04]
   Max: [-0.97843584  0.01926907  0.00144542]
   Time: 1.6s (Total: 2.2m)
   💾 Checkpoint saved

📊 Generation 81/100
   Min: [-9.89041539e-01  1.98534885e-03  1.01077346e-09]
   Avg: [-9.86161122e-01  6.70038813e-03  6.08476405e-04]
   Max: [-0.97849977  0.01926907  0.00144542]
   Time: 1.7s (Total: 2.2m)

📊 Generation 82/100
   Min: [-9.89041539e-01  1.98534885e-03  1.01077346e-09]
   Avg: [-9.86308348e-01  7.02742210e-03  6.19024699e-04]
   Max: [-0.97849977  0.01926907  0.00144542]
   Time: 1.5s (Total: 2.2m)

📊 Generation 83/100
   Min: [-9.89041539e-01  1.98534885e-03  1.01077346e-09]
   Avg: [-9.86540411e-01  6.59025113e-03  6.37810440e-04]
   Max: [-0.97845802  0.01926907  0.00144664]
   Time: 1.7s (Total: 2.3m)

📊 Generation 84/100
   Min: [-9.89041568e-01  1.98534885e-03  1.01077346e-09]
   Avg: [-9.86544097e-01  6.82907205e-03  6.25937513e-04]
   Max: [-0.97845802  0.01926907  0.00144937]
   Time: 1.7s (Total: 2.3m)

📊 Generation 85/100
   Min: [-9.89041568e-01  1.98534885e-03  1.01077346e-09]
   Avg: [-9.87062309e-01  5.90005915e-03  6.83950274e-04]
   Max: [-0.98100657  0.01926907  0.00144937]
   Time: 1.5s (Total: 2.3m)

📊 Generation 86/100
   Min: [-9.89041568e-01  1.98534885e-03  1.01077346e-09]
   Avg: [-9.87056802e-01  6.03036593e-03  6.97109459e-04]
   Max: [-0.98100657  0.01926907  0.00144937]
   Time: 1.7s (Total: 2.4m)

📊 Generation 87/100
   Min: [-9.89041600e-01  1.98534885e-03  1.01077346e-09]
   Avg: [-9.86883320e-01  5.74437073e-03  6.40474023e-04]
   Max: [-0.98100657  0.01926907  0.00144937]
   Time: 1.7s (Total: 2.4m)

📊 Generation 88/100
   Min: [-9.89041600e-01  1.98534885e-03  1.01077346e-09]
   Avg: [-9.86707492e-01  5.76679910e-03  5.98371367e-04]
   Max: [-0.98100657  0.01926907  0.00144937]
   Time: 1.5s (Total: 2.4m)

📊 Generation 89/100
   Min: [-9.89041600e-01  1.98534885e-03  1.01077346e-09]
   Avg: [-9.86840879e-01  5.92624548e-03  6.27321419e-04]
   Max: [-0.98100657  0.01926907  0.00145064]
   Time: 1.6s (Total: 2.4m)

📊 Generation 90/100
   Min: [-9.89041600e-01  1.98524346e-03  1.01077346e-09]
   Avg: [-9.86935964e-01  6.00497272e-03  6.42733484e-04]
   Max: [-0.98100657  0.01926907  0.0014509 ]
   Time: 1.7s (Total: 2.5m)
   💾 Checkpoint saved

📊 Generation 91/100
   Min: [-9.89041600e-01  1.98524346e-03  1.01077346e-09]
   Avg: [-9.86949438e-01  5.76293875e-03  6.67905272e-04]
   Max: [-0.98100657  0.01926907  0.0014509 ]
   Time: 1.6s (Total: 2.5m)

📊 Generation 92/100
   Min: [-9.89041600e-01  1.98524346e-03  1.01077346e-09]
   Avg: [-9.86879903e-01  5.92106270e-03  6.40578341e-04]
   Max: [-0.98100657  0.01926907  0.00141345]
   Time: 1.6s (Total: 2.5m)

📊 Generation 93/100
   Min: [-9.89041600e-01  1.98524346e-03  1.01077346e-09]
   Avg: [-9.86882132e-01  5.94921218e-03  6.32991843e-04]
   Max: [-0.98100657  0.01926907  0.00142398]
   Time: 1.6s (Total: 2.5m)

📊 Generation 94/100
   Min: [-9.89041825e-01  1.98524346e-03  1.01077346e-09]
   Avg: [-9.86837428e-01  6.11092805e-03  6.16615255e-04]
   Max: [-0.98100657  0.01926907  0.00142398]
   Time: 1.7s (Total: 2.6m)

📊 Generation 95/100
   Min: [-9.89041925e-01  1.98524346e-03  1.01077346e-09]
   Avg: [-9.86941816e-01  6.09070252e-03  6.54145020e-04]
   Max: [-0.98100657  0.01926907  0.00142398]
   Time: 1.6s (Total: 2.6m)

📊 Generation 96/100
   Min: [-9.89041925e-01  1.98524346e-03  1.01077346e-09]
   Avg: [-9.86803571e-01  6.00968236e-03  5.98948335e-04]
   Max: [-0.98100657  0.01926907  0.00142398]
   Time: 1.8s (Total: 2.6m)

📊 Generation 97/100
   Min: [-9.89042060e-01  1.98524346e-03  1.01077346e-09]
   Avg: [-9.86864358e-01  6.08609917e-03  6.29252285e-04]
   Max: [-0.98100657  0.01926907  0.00144161]
   Time: 1.7s (Total: 2.7m)

📊 Generation 98/100
   Min: [-9.89042060e-01  1.98524346e-03  1.01077346e-09]
   Avg: [-9.86892144e-01  6.08132986e-03  6.33561426e-04]
   Max: [-0.98100657  0.01926907  0.00144161]
   Time: 1.5s (Total: 2.7m)

📊 Generation 99/100
   Min: [-9.89042060e-01  1.98524346e-03  1.01077346e-09]
   Avg: [-9.86844406e-01  6.03990367e-03  6.27311417e-04]
   Max: [-0.98100657  0.01926907  0.00144336]
   Time: 1.7s (Total: 2.7m)

📊 Generation 100/100
   Min: [-9.89042060e-01  1.98524346e-03  1.01077346e-09]
   Avg: [-9.86830360e-01  6.07164708e-03  6.02411171e-04]
   Max: [-0.98100657  0.01926907  0.00144336]
   Time: 1.6s (Total: 2.7m)
   💾 Checkpoint saved

================================================================================
EXTRACTING PARETO FRONT
================================================================================
   Pareto front size: 100

💾 Results saved:
   /home/dhish_s/nsga2_medical_ensemble/results/nsga2/pareto_weights.npy
   /home/dhish_s/nsga2_medical_ensemble/results/nsga2/pareto_fitness.npy
   /home/dhish_s/nsga2_medical_ensemble/results/nsga2/evolution_log.pkl
   /home/dhish_s/nsga2_medical_ensemble/results/nsga2/summary.json

================================================================================
✅ NSGA-II COMPLETE
================================================================================
==========================================
Job finished at: Thu Apr 23 06:20:37 AM UTC 2026
==========================================
