================================================================================
[0;34mPHASE 0: ZCORE CORESET SELECTION[0m
================================================================================
Working directory: /home/dhish_s/nsga2_medical_ensemble
Start time: 2026-04-20 20:27:19

GPU: True

================================================================================
[0;34mSTEP 1/5: DOWNLOAD METADATA[0m
================================================================================
================================================================================
PHASE 0 - STEP 1: DOWNLOAD NIH METADATA
================================================================================

============================================================
SYSTEM INFORMATION
============================================================
OS: Linux 5.15.0-174-generic
Python: 3.12.11
CPU Count: 128 physical, 256 logical
RAM: 1007.5 GB
PyTorch: 2.6.0+cu124
CUDA Available: True
CUDA Device: NVIDIA RTX 6000 Ada Generation
CUDA Memory: 47.5 GB
============================================================


⏭️  Skipping metadata download (already exists)
   Location: /home/dhish_s/nsga2_medical_ensemble/data/raw/Data_Entry_2017_v2020.csv
   Size: 8.26 MB

================================================================================
[0;34mSTEP 1.5/5: DOWNLOAD FULL NIH DATASET[0m
================================================================================
[1;33m⚠️  This downloads ~50GB and takes 1-3 hours[0m
================================================================================
PHASE 0 - STEP 1.5: DOWNLOAD NIH IMAGES VIA KAGGLEHUB
================================================================================

📥 Downloading 12 NIH ChestX-ray14 image archives (~42GB)
   Using Kaggle API (kagglehub) - more reliable than NIH Box
   This will take 1-3 hours depending on network speed
   Target location: /home/dhish_s/nsga2_medical_ensemble/data/raw

📦 Downloading dataset via Kaggle API...
   (First download will be slow, subsequent runs use cache)
✅ Dataset cached at: /home/dhish_s/.cache/kagglehub/datasets/nih-chest-xrays/data/versions/3

📦 Extracting images from 12 zip files...
⚠️  [1/12] images_001.zip - Not found in cache, skipping
⚠️  [2/12] images_002.zip - Not found in cache, skipping
⚠️  [3/12] images_003.zip - Not found in cache, skipping
⚠️  [4/12] images_004.zip - Not found in cache, skipping
⚠️  [5/12] images_005.zip - Not found in cache, skipping
⚠️  [6/12] images_006.zip - Not found in cache, skipping
⚠️  [7/12] images_007.zip - Not found in cache, skipping
⚠️  [8/12] images_008.zip - Not found in cache, skipping
⚠️  [9/12] images_009.zip - Not found in cache, skipping
⚠️  [10/12] images_010.zip - Not found in cache, skipping
⚠️  [11/12] images_011.zip - Not found in cache, skipping
⚠️  [12/12] images_012.zip - Not found in cache, skipping

✅ Download & extraction complete!
   Total images extracted: 0
   Image directories: 0
   Time elapsed: 0.0 minutes
   Storage used: ~45GB
================================================================================

================================================================================
[0;34mSTEP 2/5: GENERATE CLIP EMBEDDINGS[0m
================================================================================
[1;33m⚠️  This takes 2-3 hours with GPU[0m
================================================================================
PHASE 0 - STEP 2: GENERATE CLIP EMBEDDINGS
================================================================================
❌ NIH images not found in /home/dhish_s/nsga2_medical_ensemble/data/raw
   Please download NIH dataset first:
   bash scripts/download_nih_full.sh
