==========================================
PHASE 1: TRAIN ALL 7 BACKBONES
Job ID: 5694
Node: ub
Started: Wed Apr 22 02:56:23 PM UTC 2026
==========================================

==========================================
[1/7] Training: densenet121
Started: Wed Apr 22 02:56:23 PM UTC 2026
==========================================
================================================================================
PHASE 1: TRAIN DENSENET121
================================================================================

🖥️  Device: cuda

🏗️  Loading model: densenet121
   Source: Torchvision ImageNet pretrained
   Input size: 224x224

📊 Loading datasets...
   TRAIN set: 58,975 images
   VAL set: 14,744 images

🚀 Starting training...

================================================================================
Epoch 1/20
================================================================================

📊 Epoch 1 Results:
   Train - Loss: 0.3066, AUC: 0.8866
   Val   - Loss: 0.2908, AUC: 0.9046
   💾 New best model saved (AUC: 0.9046)

================================================================================
Epoch 2/20
================================================================================

📊 Epoch 2 Results:
   Train - Loss: 0.2838, AUC: 0.9045
   Val   - Loss: 0.2777, AUC: 0.9103
   💾 New best model saved (AUC: 0.9103)

================================================================================
Epoch 3/20
================================================================================

📊 Epoch 3 Results:
   Train - Loss: 0.2759, AUC: 0.9108
   Val   - Loss: 0.2709, AUC: 0.9158
   💾 New best model saved (AUC: 0.9158)

================================================================================
Epoch 4/20
================================================================================

📊 Epoch 4 Results:
   Train - Loss: 0.2706, AUC: 0.9145
   Val   - Loss: 0.2729, AUC: 0.9161
   💾 New best model saved (AUC: 0.9161)

================================================================================
Epoch 5/20
================================================================================

📊 Epoch 5 Results:
   Train - Loss: 0.2646, AUC: 0.9187
   Val   - Loss: 0.2683, AUC: 0.9185
   💾 New best model saved (AUC: 0.9185)

================================================================================
Epoch 6/20
================================================================================

📊 Epoch 6 Results:
   Train - Loss: 0.2578, AUC: 0.9232
   Val   - Loss: 0.2681, AUC: 0.9187
   💾 New best model saved (AUC: 0.9187)

================================================================================
Epoch 7/20
================================================================================

📊 Epoch 7 Results:
   Train - Loss: 0.2508, AUC: 0.9279
   Val   - Loss: 0.2669, AUC: 0.9199
   💾 New best model saved (AUC: 0.9199)

================================================================================
Epoch 8/20
================================================================================

📊 Epoch 8 Results:
   Train - Loss: 0.2398, AUC: 0.9350
   Val   - Loss: 0.2702, AUC: 0.9213
   💾 New best model saved (AUC: 0.9213)

================================================================================
Epoch 9/20
================================================================================

📊 Epoch 9 Results:
   Train - Loss: 0.2303, AUC: 0.9404
   Val   - Loss: 0.2762, AUC: 0.9147

================================================================================
Epoch 10/20
================================================================================

📊 Epoch 10 Results:
   Train - Loss: 0.2164, AUC: 0.9480
   Val   - Loss: 0.2928, AUC: 0.9124

================================================================================
Epoch 11/20
================================================================================

📊 Epoch 11 Results:
   Train - Loss: 0.1995, AUC: 0.9562
   Val   - Loss: 0.3020, AUC: 0.9067

================================================================================
Epoch 12/20
================================================================================

📊 Epoch 12 Results:
   Train - Loss: 0.1819, AUC: 0.9641
   Val   - Loss: 0.3192, AUC: 0.9036

================================================================================
Epoch 13/20
================================================================================

📊 Epoch 13 Results:
   Train - Loss: 0.1614, AUC: 0.9722
   Val   - Loss: 0.3358, AUC: 0.9054

================================================================================
Epoch 14/20
================================================================================

📊 Epoch 14 Results:
   Train - Loss: 0.1418, AUC: 0.9787
   Val   - Loss: 0.3779, AUC: 0.9010

================================================================================
Epoch 15/20
================================================================================

📊 Epoch 15 Results:
   Train - Loss: 0.1254, AUC: 0.9833
   Val   - Loss: 0.3909, AUC: 0.8974

================================================================================
Epoch 16/20
================================================================================

📊 Epoch 16 Results:
   Train - Loss: 0.1080, AUC: 0.9878
   Val   - Loss: 0.4168, AUC: 0.8978

================================================================================
Epoch 17/20
================================================================================

📊 Epoch 17 Results:
   Train - Loss: 0.0958, AUC: 0.9903
   Val   - Loss: 0.4307, AUC: 0.8929

================================================================================
Epoch 18/20
================================================================================

📊 Epoch 18 Results:
   Train - Loss: 0.0852, AUC: 0.9926
   Val   - Loss: 0.4650, AUC: 0.8915

================================================================================
Epoch 19/20
================================================================================

📊 Epoch 19 Results:
   Train - Loss: 0.0819, AUC: 0.9931
   Val   - Loss: 0.4653, AUC: 0.8913

================================================================================
Epoch 20/20
================================================================================

📊 Epoch 20 Results:
   Train - Loss: 0.0779, AUC: 0.9937
   Val   - Loss: 0.4775, AUC: 0.8914

================================================================================
✅ TRAINING COMPLETE
================================================================================
📊 Best Val AUC: 0.9213
💾 Model saved: /home/dhish_s/nsga2_medical_ensemble/models/backbones/densenet121.pt
📈 History saved: /home/dhish_s/nsga2_medical_ensemble/models/checkpoints/densenet121_history.json
================================================================================
✅ [1/7] densenet121 DONE at Wed Apr 22 03:28:40 PM UTC 2026

==========================================
[2/7] Training: resnet50
Started: Wed Apr 22 03:28:40 PM UTC 2026
==========================================
================================================================================
PHASE 1: TRAIN RESNET50
================================================================================

🖥️  Device: cuda

🏗️  Loading model: resnet50
   Source: Torchvision ImageNet pretrained
   Input size: 224x224

📊 Loading datasets...
   TRAIN set: 58,975 images
   VAL set: 14,744 images

🚀 Starting training...

================================================================================
Epoch 1/20
================================================================================

📊 Epoch 1 Results:
   Train - Loss: 0.3143, AUC: 0.8792
   Val   - Loss: 0.2855, AUC: 0.9070
   💾 New best model saved (AUC: 0.9070)

================================================================================
Epoch 2/20
================================================================================

📊 Epoch 2 Results:
   Train - Loss: 0.2833, AUC: 0.9047
   Val   - Loss: 0.2742, AUC: 0.9126
   💾 New best model saved (AUC: 0.9126)

================================================================================
Epoch 3/20
================================================================================

📊 Epoch 3 Results:
   Train - Loss: 0.2744, AUC: 0.9118
   Val   - Loss: 0.2747, AUC: 0.9179
   💾 New best model saved (AUC: 0.9179)

================================================================================
Epoch 4/20
================================================================================

📊 Epoch 4 Results:
   Train - Loss: 0.2676, AUC: 0.9168
   Val   - Loss: 0.2725, AUC: 0.9160

================================================================================
Epoch 5/20
================================================================================

📊 Epoch 5 Results:
   Train - Loss: 0.2581, AUC: 0.9230
   Val   - Loss: 0.2754, AUC: 0.9150

================================================================================
Epoch 6/20
================================================================================

📊 Epoch 6 Results:
   Train - Loss: 0.2504, AUC: 0.9280
   Val   - Loss: 0.2718, AUC: 0.9153

================================================================================
Epoch 7/20
================================================================================

📊 Epoch 7 Results:
   Train - Loss: 0.2391, AUC: 0.9350
   Val   - Loss: 0.2753, AUC: 0.9165

================================================================================
Epoch 8/20
================================================================================

📊 Epoch 8 Results:
   Train - Loss: 0.2273, AUC: 0.9418
   Val   - Loss: 0.2789, AUC: 0.9147

================================================================================
Epoch 9/20
================================================================================

📊 Epoch 9 Results:
   Train - Loss: 0.2096, AUC: 0.9511
   Val   - Loss: 0.3044, AUC: 0.9121

================================================================================
Epoch 10/20
================================================================================

📊 Epoch 10 Results:
   Train - Loss: 0.1905, AUC: 0.9601
   Val   - Loss: 0.3108, AUC: 0.9080

================================================================================
Epoch 11/20
================================================================================

📊 Epoch 11 Results:
   Train - Loss: 0.1694, AUC: 0.9689
   Val   - Loss: 0.3270, AUC: 0.9040

================================================================================
Epoch 12/20
================================================================================

📊 Epoch 12 Results:
   Train - Loss: 0.1478, AUC: 0.9762
   Val   - Loss: 0.3621, AUC: 0.9022

================================================================================
Epoch 13/20
================================================================================

📊 Epoch 13 Results:
   Train - Loss: 0.1266, AUC: 0.9829
   Val   - Loss: 0.4125, AUC: 0.8972

================================================================================
Epoch 14/20
================================================================================

📊 Epoch 14 Results:
   Train - Loss: 0.1048, AUC: 0.9880
   Val   - Loss: 0.4346, AUC: 0.8906

================================================================================
Epoch 15/20
================================================================================

📊 Epoch 15 Results:
   Train - Loss: 0.0888, AUC: 0.9916
   Val   - Loss: 0.4635, AUC: 0.8913

================================================================================
Epoch 16/20
================================================================================

📊 Epoch 16 Results:
   Train - Loss: 0.0758, AUC: 0.9938
   Val   - Loss: 0.4948, AUC: 0.8892

================================================================================
Epoch 17/20
================================================================================

📊 Epoch 17 Results:
   Train - Loss: 0.0656, AUC: 0.9954
   Val   - Loss: 0.5042, AUC: 0.8860

================================================================================
Epoch 18/20
================================================================================

📊 Epoch 18 Results:
   Train - Loss: 0.0564, AUC: 0.9966
   Val   - Loss: 0.5417, AUC: 0.8833

================================================================================
Epoch 19/20
================================================================================

📊 Epoch 19 Results:
   Train - Loss: 0.0522, AUC: 0.9971
   Val   - Loss: 0.5527, AUC: 0.8858

================================================================================
Epoch 20/20
================================================================================

📊 Epoch 20 Results:
   Train - Loss: 0.0517, AUC: 0.9970
   Val   - Loss: 0.5591, AUC: 0.8843

================================================================================
✅ TRAINING COMPLETE
================================================================================
📊 Best Val AUC: 0.9179
💾 Model saved: /home/dhish_s/nsga2_medical_ensemble/models/backbones/resnet50.pt
📈 History saved: /home/dhish_s/nsga2_medical_ensemble/models/checkpoints/resnet50_history.json
================================================================================
✅ [2/7] resnet50 DONE at Wed Apr 22 03:56:45 PM UTC 2026

==========================================
[3/7] Training: resnet101
Started: Wed Apr 22 03:56:45 PM UTC 2026
==========================================
================================================================================
PHASE 1: TRAIN RESNET101
================================================================================

🖥️  Device: cuda

🏗️  Loading model: resnet101
   Source: Torchvision ImageNet pretrained
   Input size: 224x224

📊 Loading datasets...
   TRAIN set: 58,975 images
   VAL set: 14,744 images

🚀 Starting training...

================================================================================
Epoch 1/20
================================================================================

📊 Epoch 1 Results:
   Train - Loss: 0.3127, AUC: 0.8810
   Val   - Loss: 0.2993, AUC: 0.9054
   💾 New best model saved (AUC: 0.9054)

================================================================================
Epoch 2/20
================================================================================

📊 Epoch 2 Results:
   Train - Loss: 0.2847, AUC: 0.9035
   Val   - Loss: 0.2764, AUC: 0.9148
   💾 New best model saved (AUC: 0.9148)

================================================================================
Epoch 3/20
================================================================================

📊 Epoch 3 Results:
   Train - Loss: 0.2744, AUC: 0.9114
   Val   - Loss: 0.2757, AUC: 0.9134

================================================================================
Epoch 4/20
================================================================================

📊 Epoch 4 Results:
   Train - Loss: 0.2664, AUC: 0.9170
   Val   - Loss: 0.2864, AUC: 0.9159
   💾 New best model saved (AUC: 0.9159)

================================================================================
Epoch 5/20
================================================================================

📊 Epoch 5 Results:
   Train - Loss: 0.2599, AUC: 0.9216
   Val   - Loss: 0.2735, AUC: 0.9144

================================================================================
Epoch 6/20
================================================================================

📊 Epoch 6 Results:
   Train - Loss: 0.2490, AUC: 0.9289
   Val   - Loss: 0.2742, AUC: 0.9151

================================================================================
Epoch 7/20
================================================================================

📊 Epoch 7 Results:
   Train - Loss: 0.2353, AUC: 0.9375
   Val   - Loss: 0.2785, AUC: 0.9130

================================================================================
Epoch 8/20
================================================================================

📊 Epoch 8 Results:
   Train - Loss: 0.2214, AUC: 0.9449
   Val   - Loss: 0.2795, AUC: 0.9134

================================================================================
Epoch 9/20
================================================================================

📊 Epoch 9 Results:
   Train - Loss: 0.2015, AUC: 0.9549
   Val   - Loss: 0.2900, AUC: 0.9139

================================================================================
Epoch 10/20
================================================================================

📊 Epoch 10 Results:
   Train - Loss: 0.1789, AUC: 0.9650
   Val   - Loss: 0.3153, AUC: 0.9065

================================================================================
Epoch 11/20
================================================================================

📊 Epoch 11 Results:
   Train - Loss: 0.1553, AUC: 0.9739
   Val   - Loss: 0.3390, AUC: 0.9009

================================================================================
Epoch 12/20
================================================================================

📊 Epoch 12 Results:
   Train - Loss: 0.1308, AUC: 0.9815
   Val   - Loss: 0.3794, AUC: 0.8987

================================================================================
Epoch 13/20
================================================================================

📊 Epoch 13 Results:
   Train - Loss: 0.1052, AUC: 0.9880
   Val   - Loss: 0.3964, AUC: 0.8931

================================================================================
Epoch 14/20
================================================================================

📊 Epoch 14 Results:
   Train - Loss: 0.0842, AUC: 0.9921
   Val   - Loss: 0.4735, AUC: 0.8887

================================================================================
Epoch 15/20
================================================================================

📊 Epoch 15 Results:
   Train - Loss: 0.0669, AUC: 0.9951
   Val   - Loss: 0.4865, AUC: 0.8955

================================================================================
Epoch 16/20
================================================================================

📊 Epoch 16 Results:
   Train - Loss: 0.0570, AUC: 0.9963
   Val   - Loss: 0.5208, AUC: 0.8937

================================================================================
Epoch 17/20
================================================================================

📊 Epoch 17 Results:
   Train - Loss: 0.0445, AUC: 0.9978
   Val   - Loss: 0.5521, AUC: 0.8914

================================================================================
Epoch 18/20
================================================================================

📊 Epoch 18 Results:
   Train - Loss: 0.0376, AUC: 0.9983
   Val   - Loss: 0.5843, AUC: 0.8900

================================================================================
Epoch 19/20
================================================================================

📊 Epoch 19 Results:
   Train - Loss: 0.0336, AUC: 0.9987
   Val   - Loss: 0.5934, AUC: 0.8910

================================================================================
Epoch 20/20
================================================================================

📊 Epoch 20 Results:
   Train - Loss: 0.0315, AUC: 0.9989
   Val   - Loss: 0.6087, AUC: 0.8913

================================================================================
✅ TRAINING COMPLETE
================================================================================
📊 Best Val AUC: 0.9159
💾 Model saved: /home/dhish_s/nsga2_medical_ensemble/models/backbones/resnet101.pt
📈 History saved: /home/dhish_s/nsga2_medical_ensemble/models/checkpoints/resnet101_history.json
================================================================================
✅ [3/7] resnet101 DONE at Wed Apr 22 04:39:10 PM UTC 2026

==========================================
[4/7] Training: efficientnet_b4
Started: Wed Apr 22 04:39:10 PM UTC 2026
==========================================
================================================================================
PHASE 1: TRAIN EFFICIENTNET_B4
================================================================================

🖥️  Device: cuda

🏗️  Loading model: efficientnet_b4
   Source: Torchvision ImageNet pretrained
   Input size: 224x224

📊 Loading datasets...
   TRAIN set: 58,975 images
   VAL set: 14,744 images

🚀 Starting training...

================================================================================
Epoch 1/20
================================================================================

📊 Epoch 1 Results:
   Train - Loss: 0.3381, AUC: 0.8558
   Val   - Loss: 0.2948, AUC: 0.8981
   💾 New best model saved (AUC: 0.8981)

================================================================================
Epoch 2/20
================================================================================

📊 Epoch 2 Results:
   Train - Loss: 0.2917, AUC: 0.8984
   Val   - Loss: 0.2870, AUC: 0.9061
   💾 New best model saved (AUC: 0.9061)

================================================================================
Epoch 3/20
================================================================================

📊 Epoch 3 Results:
   Train - Loss: 0.2788, AUC: 0.9083
   Val   - Loss: 0.2801, AUC: 0.9111
   💾 New best model saved (AUC: 0.9111)

================================================================================
Epoch 4/20
================================================================================

📊 Epoch 4 Results:
   Train - Loss: 0.2701, AUC: 0.9151
   Val   - Loss: 0.2780, AUC: 0.9120
   💾 New best model saved (AUC: 0.9120)

================================================================================
Epoch 5/20
================================================================================

📊 Epoch 5 Results:
   Train - Loss: 0.2623, AUC: 0.9206
   Val   - Loss: 0.2727, AUC: 0.9143
   💾 New best model saved (AUC: 0.9143)

================================================================================
Epoch 6/20
================================================================================

📊 Epoch 6 Results:
   Train - Loss: 0.2553, AUC: 0.9254
   Val   - Loss: 0.2777, AUC: 0.9143

================================================================================
Epoch 7/20
================================================================================

📊 Epoch 7 Results:
   Train - Loss: 0.2444, AUC: 0.9321
   Val   - Loss: 0.2753, AUC: 0.9150
   💾 New best model saved (AUC: 0.9150)

================================================================================
Epoch 8/20
================================================================================

📊 Epoch 8 Results:
   Train - Loss: 0.2355, AUC: 0.9374
   Val   - Loss: 0.2882, AUC: 0.9132

================================================================================
Epoch 9/20
================================================================================

📊 Epoch 9 Results:
   Train - Loss: 0.2266, AUC: 0.9427
   Val   - Loss: 0.2927, AUC: 0.9123

================================================================================
Epoch 10/20
================================================================================

📊 Epoch 10 Results:
   Train - Loss: 0.2173, AUC: 0.9476
   Val   - Loss: 0.2895, AUC: 0.9096

================================================================================
Epoch 11/20
================================================================================

📊 Epoch 11 Results:
   Train - Loss: 0.2067, AUC: 0.9529
   Val   - Loss: 0.3062, AUC: 0.9081

================================================================================
Epoch 12/20
================================================================================

📊 Epoch 12 Results:
   Train - Loss: 0.1965, AUC: 0.9578
   Val   - Loss: 0.3190, AUC: 0.9061

================================================================================
Epoch 13/20
================================================================================

📊 Epoch 13 Results:
   Train - Loss: 0.1884, AUC: 0.9613
   Val   - Loss: 0.3247, AUC: 0.9069

================================================================================
Epoch 14/20
================================================================================

📊 Epoch 14 Results:
   Train - Loss: 0.1805, AUC: 0.9648
   Val   - Loss: 0.3327, AUC: 0.9048

================================================================================
Epoch 15/20
================================================================================

📊 Epoch 15 Results:
   Train - Loss: 0.1741, AUC: 0.9673
   Val   - Loss: 0.3427, AUC: 0.9021

================================================================================
Epoch 16/20
================================================================================

📊 Epoch 16 Results:
   Train - Loss: 0.1679, AUC: 0.9696
   Val   - Loss: 0.3463, AUC: 0.8984

================================================================================
Epoch 17/20
================================================================================

📊 Epoch 17 Results:
   Train - Loss: 0.1644, AUC: 0.9710
   Val   - Loss: 0.3506, AUC: 0.8996

================================================================================
Epoch 18/20
================================================================================

📊 Epoch 18 Results:
   Train - Loss: 0.1636, AUC: 0.9713
   Val   - Loss: 0.3530, AUC: 0.9003

================================================================================
Epoch 19/20
================================================================================

📊 Epoch 19 Results:
   Train - Loss: 0.1611, AUC: 0.9721
   Val   - Loss: 0.3581, AUC: 0.8984

================================================================================
Epoch 20/20
================================================================================

📊 Epoch 20 Results:
   Train - Loss: 0.1596, AUC: 0.9727
   Val   - Loss: 0.3558, AUC: 0.8988

================================================================================
✅ TRAINING COMPLETE
================================================================================
📊 Best Val AUC: 0.9150
💾 Model saved: /home/dhish_s/nsga2_medical_ensemble/models/backbones/efficientnet_b4.pt
📈 History saved: /home/dhish_s/nsga2_medical_ensemble/models/checkpoints/efficientnet_b4_history.json
================================================================================
✅ [4/7] efficientnet_b4 DONE at Wed Apr 22 05:24:13 PM UTC 2026

==========================================
[5/7] Training: vgg16
Started: Wed Apr 22 05:24:13 PM UTC 2026
==========================================
================================================================================
PHASE 1: TRAIN VGG16
================================================================================

🖥️  Device: cuda

🏗️  Loading model: vgg16
   Source: Torchvision ImageNet pretrained
   Input size: 224x224

📊 Loading datasets...
   TRAIN set: 58,975 images
   VAL set: 14,744 images

🚀 Starting training...

================================================================================
Epoch 1/20
================================================================================

📊 Epoch 1 Results:
   Train - Loss: 0.3077, AUC: 0.8853
   Val   - Loss: 0.2918, AUC: 0.9089
   💾 New best model saved (AUC: 0.9089)

================================================================================
Epoch 2/20
================================================================================

📊 Epoch 2 Results:
   Train - Loss: 0.2875, AUC: 0.9020
   Val   - Loss: 0.2763, AUC: 0.9128
   💾 New best model saved (AUC: 0.9128)

================================================================================
Epoch 3/20
================================================================================

📊 Epoch 3 Results:
   Train - Loss: 0.2783, AUC: 0.9087
   Val   - Loss: 0.2774, AUC: 0.9110

================================================================================
Epoch 4/20
================================================================================

📊 Epoch 4 Results:
   Train - Loss: 0.2727, AUC: 0.9128
   Val   - Loss: 0.2730, AUC: 0.9176
   💾 New best model saved (AUC: 0.9176)

================================================================================
Epoch 5/20
================================================================================

📊 Epoch 5 Results:
   Train - Loss: 0.2669, AUC: 0.9168
   Val   - Loss: 0.2711, AUC: 0.9166

================================================================================
Epoch 6/20
================================================================================

📊 Epoch 6 Results:
   Train - Loss: 0.2603, AUC: 0.9212
   Val   - Loss: 0.2692, AUC: 0.9182
   💾 New best model saved (AUC: 0.9182)

================================================================================
Epoch 7/20
================================================================================

📊 Epoch 7 Results:
   Train - Loss: 0.2525, AUC: 0.9265
   Val   - Loss: 0.2675, AUC: 0.9176

================================================================================
Epoch 8/20
================================================================================

📊 Epoch 8 Results:
   Train - Loss: 0.2448, AUC: 0.9312
   Val   - Loss: 0.2729, AUC: 0.9184
   💾 New best model saved (AUC: 0.9184)

================================================================================
Epoch 9/20
================================================================================

📊 Epoch 9 Results:
   Train - Loss: 0.2330, AUC: 0.9383
   Val   - Loss: 0.2721, AUC: 0.9179

================================================================================
Epoch 10/20
================================================================================

📊 Epoch 10 Results:
   Train - Loss: 0.2191, AUC: 0.9461
   Val   - Loss: 0.2952, AUC: 0.9062

================================================================================
Epoch 11/20
================================================================================

📊 Epoch 11 Results:
   Train - Loss: 0.2039, AUC: 0.9539
   Val   - Loss: 0.3000, AUC: 0.9096

================================================================================
Epoch 12/20
================================================================================

📊 Epoch 12 Results:
   Train - Loss: 0.1870, AUC: 0.9615
   Val   - Loss: 0.2998, AUC: 0.9066

================================================================================
Epoch 13/20
================================================================================

📊 Epoch 13 Results:
   Train - Loss: 0.1693, AUC: 0.9685
   Val   - Loss: 0.3480, AUC: 0.8985

================================================================================
Epoch 14/20
================================================================================

📊 Epoch 14 Results:
   Train - Loss: 0.1492, AUC: 0.9757
   Val   - Loss: 0.3610, AUC: 0.9015

================================================================================
Epoch 15/20
================================================================================

📊 Epoch 15 Results:
   Train - Loss: 0.1332, AUC: 0.9806
   Val   - Loss: 0.3775, AUC: 0.8908

================================================================================
Epoch 16/20
================================================================================

📊 Epoch 16 Results:
   Train - Loss: 0.1186, AUC: 0.9847
   Val   - Loss: 0.4211, AUC: 0.8957

================================================================================
Epoch 17/20
================================================================================

📊 Epoch 17 Results:
   Train - Loss: 0.1043, AUC: 0.9882
   Val   - Loss: 0.4377, AUC: 0.8951

================================================================================
Epoch 18/20
================================================================================

📊 Epoch 18 Results:
   Train - Loss: 0.0952, AUC: 0.9899
   Val   - Loss: 0.4702, AUC: 0.8856

================================================================================
Epoch 19/20
================================================================================

📊 Epoch 19 Results:
   Train - Loss: 0.0884, AUC: 0.9912
   Val   - Loss: 0.4658, AUC: 0.8857

================================================================================
Epoch 20/20
================================================================================

📊 Epoch 20 Results:
   Train - Loss: 0.0849, AUC: 0.9921
   Val   - Loss: 0.4837, AUC: 0.8862

================================================================================
✅ TRAINING COMPLETE
================================================================================
📊 Best Val AUC: 0.9184
💾 Model saved: /home/dhish_s/nsga2_medical_ensemble/models/backbones/vgg16.pt
📈 History saved: /home/dhish_s/nsga2_medical_ensemble/models/checkpoints/vgg16_history.json
================================================================================
✅ [5/7] vgg16 DONE at Wed Apr 22 06:32:58 PM UTC 2026

==========================================
[6/7] Training: inception_v3
Started: Wed Apr 22 06:32:58 PM UTC 2026
==========================================
================================================================================
PHASE 1: TRAIN INCEPTION_V3
================================================================================

🖥️  Device: cuda

🏗️  Loading model: inception_v3
   Source: Torchvision ImageNet pretrained
   Input size: 299x299

📊 Loading datasets...
   TRAIN set: 58,975 images
   VAL set: 14,744 images

🚀 Starting training...

================================================================================
Epoch 1/20
================================================================================

📊 Epoch 1 Results:
   Train - Loss: 0.3070, AUC: 0.8859
   Val   - Loss: 0.2803, AUC: 0.9121
   💾 New best model saved (AUC: 0.9121)

================================================================================
Epoch 2/20
================================================================================

📊 Epoch 2 Results:
   Train - Loss: 0.2821, AUC: 0.9059
   Val   - Loss: 0.2745, AUC: 0.9155
   💾 New best model saved (AUC: 0.9155)

================================================================================
Epoch 3/20
================================================================================

📊 Epoch 3 Results:
   Train - Loss: 0.2746, AUC: 0.9113
   Val   - Loss: 0.2787, AUC: 0.9122

================================================================================
Epoch 4/20
================================================================================

📊 Epoch 4 Results:
   Train - Loss: 0.2668, AUC: 0.9170
   Val   - Loss: 0.2716, AUC: 0.9201
   💾 New best model saved (AUC: 0.9201)

================================================================================
Epoch 5/20
================================================================================

📊 Epoch 5 Results:
   Train - Loss: 0.2583, AUC: 0.9231
   Val   - Loss: 0.2687, AUC: 0.9184

================================================================================
Epoch 6/20
================================================================================

📊 Epoch 6 Results:
   Train - Loss: 0.2485, AUC: 0.9295
   Val   - Loss: 0.2669, AUC: 0.9191

================================================================================
Epoch 7/20
================================================================================

📊 Epoch 7 Results:
   Train - Loss: 0.2380, AUC: 0.9360
   Val   - Loss: 0.2796, AUC: 0.9100

================================================================================
Epoch 8/20
================================================================================

📊 Epoch 8 Results:
   Train - Loss: 0.2239, AUC: 0.9439
   Val   - Loss: 0.2768, AUC: 0.9190

================================================================================
Epoch 9/20
================================================================================

📊 Epoch 9 Results:
   Train - Loss: 0.2069, AUC: 0.9529
   Val   - Loss: 0.2909, AUC: 0.9148

================================================================================
Epoch 10/20
================================================================================

📊 Epoch 10 Results:
   Train - Loss: 0.1857, AUC: 0.9625
   Val   - Loss: 0.3366, AUC: 0.9081

================================================================================
Epoch 11/20
================================================================================

📊 Epoch 11 Results:
   Train - Loss: 0.1627, AUC: 0.9715
   Val   - Loss: 0.3447, AUC: 0.9015

================================================================================
Epoch 12/20
================================================================================

📊 Epoch 12 Results:
   Train - Loss: 0.1413, AUC: 0.9787
   Val   - Loss: 0.3792, AUC: 0.8982

================================================================================
Epoch 13/20
================================================================================

📊 Epoch 13 Results:
   Train - Loss: 0.1155, AUC: 0.9858
   Val   - Loss: 0.4239, AUC: 0.8900

================================================================================
Epoch 14/20
================================================================================

📊 Epoch 14 Results:
   Train - Loss: 0.0970, AUC: 0.9899
   Val   - Loss: 0.4500, AUC: 0.8945

================================================================================
Epoch 15/20
================================================================================

📊 Epoch 15 Results:
   Train - Loss: 0.0753, AUC: 0.9938
   Val   - Loss: 0.5198, AUC: 0.8828

================================================================================
Epoch 16/20
================================================================================

📊 Epoch 16 Results:
   Train - Loss: 0.0614, AUC: 0.9959
   Val   - Loss: 0.5540, AUC: 0.8876

================================================================================
Epoch 17/20
================================================================================

📊 Epoch 17 Results:
   Train - Loss: 0.0505, AUC: 0.9973
   Val   - Loss: 0.5890, AUC: 0.8835

================================================================================
Epoch 18/20
================================================================================

📊 Epoch 18 Results:
   Train - Loss: 0.0448, AUC: 0.9978
   Val   - Loss: 0.5970, AUC: 0.8867

================================================================================
Epoch 19/20
================================================================================

📊 Epoch 19 Results:
   Train - Loss: 0.0394, AUC: 0.9983
   Val   - Loss: 0.6019, AUC: 0.8862

================================================================================
Epoch 20/20
================================================================================

📊 Epoch 20 Results:
   Train - Loss: 0.0355, AUC: 0.9987
   Val   - Loss: 0.6338, AUC: 0.8882

================================================================================
✅ TRAINING COMPLETE
================================================================================
📊 Best Val AUC: 0.9201
💾 Model saved: /home/dhish_s/nsga2_medical_ensemble/models/backbones/inception_v3.pt
📈 History saved: /home/dhish_s/nsga2_medical_ensemble/models/checkpoints/inception_v3_history.json
================================================================================
✅ [6/7] inception_v3 DONE at Wed Apr 22 07:12:09 PM UTC 2026

==========================================
[7/7] Training: mobilenet_v2
Started: Wed Apr 22 07:12:09 PM UTC 2026
==========================================
================================================================================
PHASE 1: TRAIN MOBILENET_V2
================================================================================

🖥️  Device: cuda

🏗️  Loading model: mobilenet_v2
   Source: Torchvision ImageNet pretrained
   Input size: 224x224

📊 Loading datasets...
   TRAIN set: 58,975 images
   VAL set: 14,744 images

🚀 Starting training...

================================================================================
Epoch 1/20
================================================================================

📊 Epoch 1 Results:
   Train - Loss: 0.3239, AUC: 0.8708
   Val   - Loss: 0.2913, AUC: 0.9011
   💾 New best model saved (AUC: 0.9011)

================================================================================
Epoch 2/20
================================================================================

📊 Epoch 2 Results:
   Train - Loss: 0.2889, AUC: 0.9010
   Val   - Loss: 0.2891, AUC: 0.9062
   💾 New best model saved (AUC: 0.9062)

================================================================================
Epoch 3/20
================================================================================

📊 Epoch 3 Results:
   Train - Loss: 0.2783, AUC: 0.9087
   Val   - Loss: 0.2807, AUC: 0.9106
   💾 New best model saved (AUC: 0.9106)

================================================================================
Epoch 4/20
================================================================================

📊 Epoch 4 Results:
   Train - Loss: 0.2710, AUC: 0.9144
   Val   - Loss: 0.2773, AUC: 0.9112
   💾 New best model saved (AUC: 0.9112)

================================================================================
Epoch 5/20
================================================================================

📊 Epoch 5 Results:
   Train - Loss: 0.2636, AUC: 0.9193
   Val   - Loss: 0.2762, AUC: 0.9131
   💾 New best model saved (AUC: 0.9131)

================================================================================
Epoch 6/20
================================================================================

📊 Epoch 6 Results:
   Train - Loss: 0.2558, AUC: 0.9248
   Val   - Loss: 0.2798, AUC: 0.9129

================================================================================
Epoch 7/20
================================================================================

📊 Epoch 7 Results:
   Train - Loss: 0.2487, AUC: 0.9294
   Val   - Loss: 0.2807, AUC: 0.9081

================================================================================
Epoch 8/20
================================================================================

📊 Epoch 8 Results:
   Train - Loss: 0.2395, AUC: 0.9352
   Val   - Loss: 0.2804, AUC: 0.9125

================================================================================
Epoch 9/20
================================================================================

📊 Epoch 9 Results:
   Train - Loss: 0.2327, AUC: 0.9390
   Val   - Loss: 0.2859, AUC: 0.9104

================================================================================
Epoch 10/20
================================================================================

📊 Epoch 10 Results:
   Train - Loss: 0.2204, AUC: 0.9458
   Val   - Loss: 0.2919, AUC: 0.9091

================================================================================
Epoch 11/20
================================================================================

📊 Epoch 11 Results:
   Train - Loss: 0.2112, AUC: 0.9506
   Val   - Loss: 0.3042, AUC: 0.9034

================================================================================
Epoch 12/20
================================================================================

📊 Epoch 12 Results:
   Train - Loss: 0.2003, AUC: 0.9561
   Val   - Loss: 0.3145, AUC: 0.9004

================================================================================
Epoch 13/20
================================================================================

📊 Epoch 13 Results:
   Train - Loss: 0.1910, AUC: 0.9603
   Val   - Loss: 0.3220, AUC: 0.9007

================================================================================
Epoch 14/20
================================================================================

📊 Epoch 14 Results:
   Train - Loss: 0.1808, AUC: 0.9645
   Val   - Loss: 0.3299, AUC: 0.8989

================================================================================
Epoch 15/20
================================================================================

📊 Epoch 15 Results:
   Train - Loss: 0.1733, AUC: 0.9676
   Val   - Loss: 0.3456, AUC: 0.8975

================================================================================
Epoch 16/20
================================================================================

📊 Epoch 16 Results:
   Train - Loss: 0.1634, AUC: 0.9714
   Val   - Loss: 0.3564, AUC: 0.8945

================================================================================
Epoch 17/20
================================================================================

📊 Epoch 17 Results:
   Train - Loss: 0.1582, AUC: 0.9731
   Val   - Loss: 0.3620, AUC: 0.8887

================================================================================
Epoch 18/20
================================================================================

📊 Epoch 18 Results:
   Train - Loss: 0.1539, AUC: 0.9747
   Val   - Loss: 0.3646, AUC: 0.8905

================================================================================
Epoch 19/20
================================================================================

📊 Epoch 19 Results:
   Train - Loss: 0.1520, AUC: 0.9754
   Val   - Loss: 0.3672, AUC: 0.8911

================================================================================
Epoch 20/20
================================================================================

📊 Epoch 20 Results:
   Train - Loss: 0.1503, AUC: 0.9760
   Val   - Loss: 0.3697, AUC: 0.8920

================================================================================
✅ TRAINING COMPLETE
================================================================================
📊 Best Val AUC: 0.9131
💾 Model saved: /home/dhish_s/nsga2_medical_ensemble/models/backbones/mobilenet_v2.pt
📈 History saved: /home/dhish_s/nsga2_medical_ensemble/models/checkpoints/mobilenet_v2_history.json
================================================================================
✅ [7/7] mobilenet_v2 DONE at Wed Apr 22 07:29:09 PM UTC 2026

==========================================
PHASE 1 COMPLETE at Wed Apr 22 07:29:09 PM UTC 2026
Successful: 7/7
==========================================
